[2025-12-09T14:09:20.795Z] Executor gestart
[2025-12-09T14:09:20.799Z] Executor draait in monitoring-modus
[2025-12-09T14:09:35.845Z] Backend lokaal GEEN response
[2025-12-09T14:09:36.027Z] Frontend Vercel OK
[2025-12-09T14:09:36.069Z] Backend Render OK
[2025-12-09T14:09:50.836Z] Backend lokaal GEEN response
[2025-12-09T14:09:50.920Z] Frontend Vercel OK
[2025-12-09T14:09:50.940Z] Backend Render OK
[2025-12-09T14:10:05.849Z] Backend lokaal GEEN response
[2025-12-09T14:10:05.927Z] Frontend Vercel OK
[2025-12-09T14:10:05.938Z] Backend Render OK
[2025-12-09T14:10:20.837Z] Backend lokaal GEEN response
[2025-12-09T14:10:20.919Z] Frontend Vercel OK
[2025-12-09T14:10:20.942Z] Backend Render OK
[2025-12-09T14:10:35.850Z] Backend lokaal GEEN response
[2025-12-09T14:10:35.925Z] Frontend Vercel OK
[2025-12-09T14:10:35.945Z] Backend Render OK
[2025-12-09T14:10:50.840Z] Backend lokaal GEEN response
[2025-12-09T14:10:50.904Z] Frontend Vercel OK
[2025-12-09T14:10:50.920Z] Backend Render OK
[2025-12-09T14:11:05.840Z] Backend lokaal GEEN response
[2025-12-09T14:11:05.910Z] Frontend Vercel OK
[2025-12-09T14:11:05.941Z] Backend Render OK
[2025-12-09T14:11:20.838Z] Backend lokaal GEEN response
[2025-12-09T14:11:20.913Z] Backend Render OK
[2025-12-09T14:11:21.077Z] Frontend Vercel OK
[2025-12-09T14:11:35.844Z] Backend lokaal GEEN response
[2025-12-09T14:11:35.910Z] Frontend Vercel OK
[2025-12-09T14:11:35.947Z] Backend Render OK
[2025-12-09T14:11:50.845Z] Backend lokaal GEEN response
[2025-12-09T14:11:50.980Z] Frontend Vercel OK
[2025-12-09T14:11:50.988Z] Backend Render OK
[2025-12-09T14:12:05.844Z] Backend lokaal GEEN response
[2025-12-09T14:12:05.913Z] Frontend Vercel OK
[2025-12-09T14:12:05.930Z] Backend Render OK
[2025-12-09T14:12:20.842Z] Backend lokaal GEEN response
[2025-12-09T14:12:20.917Z] Frontend Vercel OK
[2025-12-09T14:12:20.928Z] Backend Render OK
[2025-12-09T14:12:35.846Z] Backend lokaal GEEN response
[2025-12-09T14:12:35.918Z] Frontend Vercel OK
[2025-12-09T14:12:35.925Z] Backend Render OK
[2025-12-09T14:12:50.852Z] Backend lokaal GEEN response
[2025-12-09T14:12:50.924Z] Frontend Vercel OK
[2025-12-09T14:12:50.935Z] Backend Render OK
[2025-12-09T14:13:05.852Z] Backend lokaal GEEN response
[2025-12-09T14:13:05.926Z] Frontend Vercel OK
[2025-12-09T14:13:05.933Z] Backend Render OK
[2025-12-09T14:13:20.846Z] Backend lokaal GEEN response
[2025-12-09T14:13:20.916Z] Frontend Vercel OK
[2025-12-09T14:13:20.940Z] Backend Render OK
[2025-12-09T14:13:35.844Z] Backend lokaal GEEN response
[2025-12-09T14:13:35.922Z] Backend Render OK
[2025-12-09T14:13:35.946Z] Frontend Vercel OK
[2025-12-09T14:13:50.857Z] Backend lokaal GEEN response
[2025-12-09T14:13:50.929Z] Frontend Vercel OK
[2025-12-09T14:13:50.962Z] Backend Render OK
[2025-12-09T14:14:05.860Z] Backend lokaal GEEN response
[2025-12-09T14:14:05.928Z] Frontend Vercel OK
[2025-12-09T14:14:05.980Z] Backend Render OK
[2025-12-09T14:14:20.861Z] Backend lokaal GEEN response
[2025-12-09T14:14:20.933Z] Frontend Vercel OK
[2025-12-09T14:14:20.950Z] Backend Render OK
[2025-12-09T14:14:35.862Z] Backend lokaal GEEN response
[2025-12-09T14:14:35.939Z] Frontend Vercel OK
[2025-12-09T14:14:35.945Z] Backend Render OK
[2025-12-09T14:14:50.866Z] Backend lokaal GEEN response
[2025-12-09T14:14:50.935Z] Frontend Vercel OK
[2025-12-09T14:14:50.952Z] Backend Render OK
[2025-12-09T14:15:05.867Z] Backend lokaal GEEN response
[2025-12-09T14:15:05.934Z] Frontend Vercel OK
[2025-12-09T14:15:05.954Z] Backend Render OK
[2025-12-09T14:15:20.865Z] Backend lokaal GEEN response
[2025-12-09T14:15:20.939Z] Frontend Vercel OK
[2025-12-09T14:15:20.946Z] Backend Render OK
[2025-12-09T14:15:35.868Z] Backend lokaal GEEN response
[2025-12-09T14:15:35.940Z] Frontend Vercel OK
[2025-12-09T14:15:35.956Z] Backend Render OK
[2025-12-09T14:15:50.857Z] Backend lokaal GEEN response
[2025-12-09T14:15:50.920Z] Frontend Vercel OK
[2025-12-09T14:15:50.946Z] Backend Render OK
[2025-12-09T14:16:05.869Z] Backend lokaal GEEN response
[2025-12-09T14:16:05.931Z] Frontend Vercel OK
[2025-12-09T14:16:06.046Z] Backend Render OK
[2025-12-09T14:16:20.868Z] Backend lokaal GEEN response
[2025-12-09T14:16:20.932Z] Frontend Vercel OK
[2025-12-09T14:16:20.960Z] Backend Render OK
[2025-12-09T14:16:35.873Z] Backend lokaal GEEN response
[2025-12-09T14:16:35.938Z] Frontend Vercel OK
[2025-12-09T14:16:35.960Z] Backend Render OK
[2025-12-09T14:16:50.861Z] Backend lokaal GEEN response
[2025-12-09T14:16:50.924Z] Frontend Vercel OK
[2025-12-09T14:16:50.927Z] Backend Render OK
[2025-12-09T14:17:05.859Z] Backend lokaal GEEN response
[2025-12-09T14:17:05.927Z] Frontend Vercel OK
[2025-12-09T14:17:05.951Z] Backend Render OK
[2025-12-09T14:17:20.874Z] Backend lokaal GEEN response
[2025-12-09T14:17:20.943Z] Frontend Vercel OK
[2025-12-09T14:17:20.946Z] Backend Render OK
[2025-12-09T14:17:35.876Z] Backend lokaal GEEN response
[2025-12-09T14:17:35.934Z] Frontend Vercel OK
[2025-12-09T14:17:35.953Z] Backend Render OK
[2025-12-09T14:17:50.876Z] Backend lokaal GEEN response
[2025-12-09T14:17:50.932Z] Frontend Vercel OK
[2025-12-09T14:17:50.983Z] Backend Render OK
[2025-12-09T14:18:05.867Z] Backend lokaal GEEN response
[2025-12-09T14:18:05.920Z] Frontend Vercel OK
[2025-12-09T14:18:05.972Z] Backend Render OK
[2025-12-09T14:18:20.866Z] Backend lokaal GEEN response
[2025-12-09T14:18:20.925Z] Frontend Vercel OK
[2025-12-09T14:18:20.971Z] Backend Render OK
[2025-12-09T14:18:35.879Z] Backend lokaal GEEN response
[2025-12-09T14:18:35.932Z] Frontend Vercel OK
[2025-12-09T14:18:35.992Z] Backend Render OK
[2025-12-09T14:18:50.877Z] Backend lokaal GEEN response
[2025-12-09T14:18:50.949Z] Frontend Vercel OK
[2025-12-09T14:18:50.960Z] Backend Render OK
[2025-12-09T14:19:05.882Z] Backend lokaal GEEN response
[2025-12-09T14:19:05.937Z] Frontend Vercel OK
[2025-12-09T14:19:05.988Z] Backend Render OK
[2025-12-09T14:19:20.881Z] Backend lokaal GEEN response
[2025-12-09T14:19:20.942Z] Frontend Vercel OK
[2025-12-09T14:19:20.968Z] Backend Render OK
[2025-12-09T14:19:35.881Z] Backend lokaal GEEN response
[2025-12-09T14:19:35.940Z] Frontend Vercel OK
[2025-12-09T14:19:35.972Z] Backend Render OK
[2025-12-09T14:19:50.880Z] Backend lokaal GEEN response
[2025-12-09T14:19:50.932Z] Frontend Vercel OK
[2025-12-09T14:19:50.956Z] Backend Render OK
[2025-12-09T14:20:05.889Z] Backend lokaal GEEN response
[2025-12-09T14:20:05.954Z] Frontend Vercel OK
[2025-12-09T14:20:05.981Z] Backend Render OK
[2025-12-09T14:20:20.892Z] Backend lokaal GEEN response
[2025-12-09T14:20:20.945Z] Frontend Vercel OK
[2025-12-09T14:20:20.995Z] Backend Render OK
[2025-12-09T14:20:35.880Z] Backend lokaal GEEN response
[2025-12-09T14:20:35.935Z] Frontend Vercel OK
[2025-12-09T14:20:35.962Z] Backend Render OK
[2025-12-09T14:20:50.875Z] Backend lokaal GEEN response
[2025-12-09T14:20:50.942Z] Frontend Vercel OK
[2025-12-09T14:20:50.994Z] Backend Render OK
[2025-12-09T14:21:05.888Z] Backend lokaal GEEN response
[2025-12-09T14:21:05.951Z] Frontend Vercel OK
[2025-12-09T14:21:05.981Z] Backend Render OK
[2025-12-09T14:21:20.879Z] Backend lokaal GEEN response
[2025-12-09T14:21:20.931Z] Frontend Vercel OK
[2025-12-09T14:21:20.977Z] Backend Render OK
[2025-12-09T14:21:35.885Z] Backend lokaal GEEN response
[2025-12-09T14:21:35.942Z] Frontend Vercel OK
[2025-12-09T14:21:35.979Z] Backend Render OK
[2025-12-09T14:21:50.886Z] Backend lokaal GEEN response
[2025-12-09T14:21:50.942Z] Frontend Vercel OK
[2025-12-09T14:21:50.962Z] Backend Render OK
[2025-12-09T14:22:05.890Z] Backend lokaal GEEN response
[2025-12-09T14:22:05.954Z] Frontend Vercel OK
[2025-12-09T14:22:05.994Z] Backend Render OK
[2025-12-09T14:22:20.895Z] Backend lokaal GEEN response
[2025-12-09T14:22:20.986Z] Frontend Vercel OK
[2025-12-09T14:22:21.031Z] Backend Render OK
[2025-12-09T14:22:35.893Z] Backend lokaal GEEN response
[2025-12-09T14:22:35.960Z] Frontend Vercel OK
[2025-12-09T14:22:36.057Z] Backend Render OK
[2025-12-09T14:22:50.897Z] Backend lokaal GEEN response
[2025-12-09T14:22:50.960Z] Frontend Vercel OK
[2025-12-09T14:22:50.992Z] Backend Render OK
[2025-12-09T14:23:05.904Z] Backend lokaal GEEN response
[2025-12-09T14:23:05.964Z] Frontend Vercel OK
[2025-12-09T14:23:06.023Z] Backend Render OK
[2025-12-09T14:23:20.896Z] Backend lokaal GEEN response
[2025-12-09T14:23:20.954Z] Frontend Vercel OK
[2025-12-09T14:23:20.987Z] Backend Render OK
[2025-12-09T14:23:35.902Z] Backend lokaal GEEN response
[2025-12-09T14:23:35.958Z] Frontend Vercel OK
[2025-12-09T14:23:35.998Z] Backend Render OK
[2025-12-09T14:23:50.898Z] Backend lokaal GEEN response
[2025-12-09T14:23:50.976Z] Frontend Vercel OK
[2025-12-09T14:23:50.991Z] Backend Render OK
[2025-12-09T14:24:05.906Z] Backend lokaal GEEN response
[2025-12-09T14:24:05.977Z] Frontend Vercel OK
[2025-12-09T14:24:06.024Z] Backend Render OK
[2025-12-09T14:24:20.909Z] Backend lokaal GEEN response
[2025-12-09T14:24:20.969Z] Frontend Vercel OK
[2025-12-09T14:24:21.020Z] Backend Render OK
[2025-12-09T14:24:35.907Z] Backend lokaal GEEN response
[2025-12-09T14:24:35.962Z] Frontend Vercel OK
[2025-12-09T14:24:36.001Z] Backend Render OK
[2025-12-09T14:24:50.912Z] Backend lokaal GEEN response
[2025-12-09T14:24:50.972Z] Frontend Vercel OK
[2025-12-09T14:24:51.035Z] Backend Render OK
[2025-12-09T14:25:05.910Z] Backend lokaal GEEN response
[2025-12-09T14:25:05.962Z] Frontend Vercel OK
[2025-12-09T14:25:06.020Z] Backend Render OK
[2025-12-09T14:25:20.914Z] Backend lokaal GEEN response
[2025-12-09T14:25:20.966Z] Frontend Vercel OK
[2025-12-09T14:25:21.008Z] Backend Render OK
[2025-12-09T14:25:35.910Z] Backend lokaal GEEN response
[2025-12-09T14:25:35.964Z] Frontend Vercel OK
[2025-12-09T14:25:35.993Z] Backend Render OK
[2025-12-09T14:25:50.914Z] Backend lokaal GEEN response
[2025-12-09T14:25:50.974Z] Frontend Vercel OK
[2025-12-09T14:25:50.997Z] Backend Render OK
[2025-12-09T14:26:05.912Z] Backend lokaal GEEN response
[2025-12-09T14:26:05.979Z] Frontend Vercel OK
[2025-12-09T14:26:06.000Z] Backend Render OK
[2025-12-09T14:26:20.910Z] Backend lokaal GEEN response
[2025-12-09T14:26:20.965Z] Frontend Vercel OK
[2025-12-09T14:26:21.047Z] Backend Render OK
[2025-12-09T14:26:35.912Z] Backend lokaal GEEN response
[2025-12-09T14:26:35.981Z] Frontend Vercel OK
[2025-12-09T14:26:36.001Z] Backend Render OK
[2025-12-09T14:26:50.915Z] Backend lokaal GEEN response
[2025-12-09T14:26:50.967Z] Frontend Vercel OK
[2025-12-09T14:26:51.000Z] Backend Render OK
[2025-12-09T14:27:05.912Z] Backend lokaal GEEN response
[2025-12-09T14:27:05.966Z] Frontend Vercel OK
[2025-12-09T14:27:06.046Z] Backend Render OK
[2025-12-09T14:27:20.915Z] Backend lokaal GEEN response
[2025-12-09T14:27:20.980Z] Frontend Vercel OK
[2025-12-09T14:27:20.994Z] Backend Render OK
[2025-12-09T14:27:35.922Z] Backend lokaal GEEN response
[2025-12-09T14:27:35.995Z] Frontend Vercel OK
[2025-12-09T14:27:36.010Z] Backend Render OK
[2025-12-09T14:27:50.918Z] Backend lokaal GEEN response
[2025-12-09T14:27:50.986Z] Frontend Vercel OK
[2025-12-09T14:27:50.999Z] Backend Render OK
[2025-12-09T14:28:05.924Z] Backend lokaal GEEN response
[2025-12-09T14:28:05.996Z] Frontend Vercel OK
[2025-12-09T14:28:06.013Z] Backend Render OK
[2025-12-09T14:28:20.924Z] Backend lokaal GEEN response
[2025-12-09T14:28:20.985Z] Frontend Vercel OK
[2025-12-09T14:28:21.012Z] Backend Render OK
[2025-12-09T14:28:35.927Z] Backend lokaal GEEN response
[2025-12-09T14:28:36.014Z] Frontend Vercel OK
[2025-12-09T14:28:36.021Z] Backend Render OK
[2025-12-09T14:28:50.929Z] Backend lokaal GEEN response
[2025-12-09T14:28:51.002Z] Frontend Vercel OK
[2025-12-09T14:28:51.028Z] Backend Render OK
[2025-12-09T14:29:05.933Z] Backend lokaal GEEN response
[2025-12-09T14:29:05.997Z] Frontend Vercel OK
[2025-12-09T14:29:06.079Z] Backend Render OK
[2025-12-09T14:29:20.934Z] Backend lokaal GEEN response
[2025-12-09T14:29:21.003Z] Frontend Vercel OK
[2025-12-09T14:29:21.035Z] Backend Render OK
[2025-12-09T14:29:35.934Z] Backend lokaal GEEN response
[2025-12-09T14:29:36.000Z] Frontend Vercel OK
[2025-12-09T14:29:36.013Z] Backend Render OK
[2025-12-09T14:29:50.935Z] Backend lokaal GEEN response
[2025-12-09T14:29:51.003Z] Frontend Vercel OK
[2025-12-09T14:29:51.053Z] Backend Render OK
[2025-12-09T14:30:05.940Z] Backend lokaal GEEN response
[2025-12-09T14:30:06.013Z] Frontend Vercel OK
[2025-12-09T14:30:06.035Z] Backend Render OK
[2025-12-09T14:30:20.938Z] Backend lokaal GEEN response
[2025-12-09T14:30:21.015Z] Frontend Vercel OK
[2025-12-09T14:30:21.066Z] Backend Render OK
[2025-12-09T14:30:35.941Z] Backend lokaal GEEN response
[2025-12-09T14:30:36.015Z] Frontend Vercel OK
[2025-12-09T14:30:36.042Z] Backend Render OK
[2025-12-09T14:30:50.944Z] Backend lokaal GEEN response
[2025-12-09T14:30:51.011Z] Frontend Vercel OK
[2025-12-09T14:30:51.032Z] Backend Render OK
[2025-12-09T14:31:05.946Z] Backend lokaal GEEN response
[2025-12-09T14:31:06.018Z] Frontend Vercel OK
[2025-12-09T14:31:06.039Z] Backend Render OK
[2025-12-09T14:31:20.943Z] Backend lokaal GEEN response
[2025-12-09T14:31:21.008Z] Frontend Vercel OK
[2025-12-09T14:31:21.026Z] Backend Render OK
[2025-12-09T14:31:35.946Z] Backend lokaal GEEN response
[2025-12-09T14:31:36.019Z] Frontend Vercel OK
[2025-12-09T14:31:36.066Z] Backend Render OK
[2025-12-09T14:31:50.950Z] Backend lokaal GEEN response
[2025-12-09T14:31:51.019Z] Frontend Vercel OK
[2025-12-09T14:31:51.057Z] Backend Render OK
[2025-12-09T14:32:05.951Z] Backend lokaal GEEN response
[2025-12-09T14:32:06.017Z] Frontend Vercel OK
[2025-12-09T14:32:06.044Z] Backend Render OK
[2025-12-09T14:32:20.950Z] Backend lokaal GEEN response
[2025-12-09T14:32:21.027Z] Frontend Vercel OK
[2025-12-09T14:32:21.054Z] Backend Render OK
[2025-12-09T14:32:35.948Z] Backend lokaal GEEN response
[2025-12-09T14:32:36.014Z] Frontend Vercel OK
[2025-12-09T14:32:36.048Z] Backend Render OK
[2025-12-09T14:32:50.950Z] Backend lokaal GEEN response
[2025-12-09T14:32:51.027Z] Frontend Vercel OK
[2025-12-09T14:32:51.078Z] Backend Render OK
[2025-12-09T14:33:05.955Z] Backend lokaal GEEN response
[2025-12-09T14:33:06.023Z] Frontend Vercel OK
[2025-12-09T14:33:06.035Z] Backend Render OK
[2025-12-09T14:33:20.950Z] Backend lokaal GEEN response
[2025-12-09T14:33:21.021Z] Frontend Vercel OK
[2025-12-09T14:33:21.036Z] Backend Render OK
[2025-12-09T14:33:35.953Z] Backend lokaal GEEN response
[2025-12-09T14:33:36.017Z] Frontend Vercel OK
[2025-12-09T14:33:36.062Z] Backend Render OK
[2025-12-09T14:33:50.957Z] Backend lokaal GEEN response
[2025-12-09T14:33:51.017Z] Frontend Vercel OK
[2025-12-09T14:33:51.061Z] Backend Render OK
[2025-12-09T14:34:05.956Z] Backend lokaal GEEN response
[2025-12-09T14:34:06.027Z] Frontend Vercel OK
[2025-12-09T14:34:06.073Z] Backend Render OK
[2025-12-09T14:34:20.987Z] Backend lokaal GEEN response
[2025-12-09T14:34:21.059Z] Backend Render OK
[2025-12-09T14:34:21.061Z] Frontend Vercel OK
[2025-12-09T14:34:35.948Z] Backend lokaal GEEN response
[2025-12-09T14:34:36.014Z] Frontend Vercel OK
[2025-12-09T14:34:36.039Z] Backend Render OK
[2025-12-09T14:34:50.956Z] Backend lokaal GEEN response
[2025-12-09T14:34:51.027Z] Frontend Vercel OK
[2025-12-09T14:34:51.039Z] Backend Render OK
[2025-12-09T14:35:05.961Z] Backend lokaal GEEN response
[2025-12-09T14:35:06.048Z] Backend Render OK
[2025-12-09T14:35:06.193Z] Frontend Vercel OK
[2025-12-09T14:35:20.958Z] Backend lokaal GEEN response
[2025-12-09T14:35:21.035Z] Frontend Vercel OK
[2025-12-09T14:35:21.061Z] Backend Render OK
[2025-12-09T14:35:35.963Z] Backend lokaal GEEN response
[2025-12-09T14:35:36.040Z] Frontend Vercel OK
[2025-12-09T14:35:36.148Z] Backend Render OK
[2025-12-09T14:35:50.961Z] Backend lokaal GEEN response
[2025-12-09T14:35:51.033Z] Frontend Vercel OK
[2025-12-09T14:35:51.051Z] Backend Render OK
[2025-12-09T14:36:05.963Z] Backend lokaal GEEN response
[2025-12-09T14:36:06.050Z] Frontend Vercel OK
[2025-12-09T14:36:06.066Z] Backend Render OK
[2025-12-09T14:36:20.959Z] Backend lokaal GEEN response
[2025-12-09T14:36:21.032Z] Frontend Vercel OK
[2025-12-09T14:36:21.050Z] Backend Render OK
[2025-12-09T14:36:35.965Z] Backend lokaal GEEN response
[2025-12-09T14:36:36.043Z] Frontend Vercel OK
[2025-12-09T14:36:36.048Z] Backend Render OK
[2025-12-09T14:36:50.959Z] Backend lokaal GEEN response
[2025-12-09T14:36:51.022Z] Frontend Vercel OK
[2025-12-09T14:36:51.059Z] Backend Render OK
[2025-12-09T14:37:05.965Z] Backend lokaal GEEN response
[2025-12-09T14:37:06.088Z] Frontend Vercel OK
[2025-12-09T14:37:06.097Z] Backend Render OK
[2025-12-09T14:37:20.961Z] Backend lokaal GEEN response
[2025-12-09T14:37:21.025Z] Frontend Vercel OK
[2025-12-09T14:37:21.040Z] Backend Render OK
[2025-12-09T14:37:35.960Z] Backend lokaal GEEN response
[2025-12-09T14:37:36.018Z] Frontend Vercel OK
[2025-12-09T14:37:36.036Z] Backend Render OK
[2025-12-09T14:37:50.956Z] Backend lokaal GEEN response
[2025-12-09T14:37:51.025Z] Frontend Vercel OK
[2025-12-09T14:37:51.066Z] Backend Render OK
[2025-12-09T14:38:05.963Z] Backend lokaal GEEN response
[2025-12-09T14:38:06.045Z] Frontend Vercel OK
[2025-12-09T14:38:06.079Z] Backend Render OK
[2025-12-09T14:38:20.969Z] Backend lokaal GEEN response
[2025-12-09T14:38:21.045Z] Frontend Vercel OK
[2025-12-09T14:38:21.084Z] Backend Render OK
[2025-12-09T14:38:35.967Z] Backend lokaal GEEN response
[2025-12-09T14:38:36.029Z] Frontend Vercel OK
[2025-12-09T14:38:36.057Z] Backend Render OK
[2025-12-09T14:38:50.974Z] Backend lokaal GEEN response
[2025-12-09T14:38:51.041Z] Frontend Vercel OK
[2025-12-09T14:38:51.081Z] Backend Render OK
[2025-12-09T14:39:05.965Z] Backend lokaal GEEN response
[2025-12-09T14:39:06.035Z] Frontend Vercel OK
[2025-12-09T14:39:06.074Z] Backend Render OK
[2025-12-09T14:39:20.969Z] Backend lokaal GEEN response
[2025-12-09T14:39:21.042Z] Frontend Vercel OK
[2025-12-09T14:39:21.087Z] Backend Render OK
[2025-12-09T14:39:35.968Z] Backend lokaal GEEN response
[2025-12-09T14:39:36.039Z] Frontend Vercel OK
[2025-12-09T14:39:36.058Z] Backend Render OK
[2025-12-09T14:39:50.980Z] Backend lokaal GEEN response
[2025-12-09T14:39:51.050Z] Frontend Vercel OK
[2025-12-09T14:39:51.064Z] Backend Render OK
[2025-12-09T14:40:05.972Z] Backend lokaal GEEN response
[2025-12-09T14:40:06.040Z] Frontend Vercel OK
[2025-12-09T14:40:06.091Z] Backend Render OK
[2025-12-09T14:40:20.976Z] Backend lokaal GEEN response
[2025-12-09T14:40:21.047Z] Frontend Vercel OK
[2025-12-09T14:40:21.061Z] Backend Render OK
[2025-12-09T14:40:35.982Z] Backend lokaal GEEN response
[2025-12-09T14:40:36.043Z] Frontend Vercel OK
[2025-12-09T14:40:36.096Z] Backend Render OK
[2025-12-09T14:40:50.987Z] Backend lokaal GEEN response
[2025-12-09T14:40:51.043Z] Frontend Vercel OK
[2025-12-09T14:40:51.073Z] Backend Render OK
[2025-12-09T14:41:05.980Z] Backend lokaal GEEN response
[2025-12-09T14:41:06.074Z] Frontend Vercel OK
[2025-12-09T14:41:06.077Z] Backend Render OK
[2025-12-09T14:41:20.981Z] Backend lokaal GEEN response
[2025-12-09T14:41:21.035Z] Frontend Vercel OK
[2025-12-09T14:41:21.056Z] Backend Render OK
[2025-12-09T14:41:35.988Z] Backend lokaal GEEN response
[2025-12-09T14:41:36.051Z] Frontend Vercel OK
[2025-12-09T14:41:36.090Z] Backend Render OK
[2025-12-09T14:41:50.978Z] Backend lokaal GEEN response
[2025-12-09T14:41:51.040Z] Frontend Vercel OK
[2025-12-09T14:41:51.068Z] Backend Render OK
[2025-12-09T14:42:05.983Z] Backend lokaal GEEN response
[2025-12-09T14:42:06.045Z] Frontend Vercel OK
[2025-12-09T14:42:06.141Z] Backend Render OK
[2025-12-09T14:42:20.982Z] Backend lokaal GEEN response
[2025-12-09T14:42:21.036Z] Frontend Vercel OK
[2025-12-09T14:42:21.074Z] Backend Render OK
[2025-12-09T14:42:35.992Z] Backend lokaal GEEN response
[2025-12-09T14:42:36.084Z] Frontend Vercel OK
[2025-12-09T14:42:36.094Z] Backend Render OK
[2025-12-09T14:42:50.994Z] Backend lokaal GEEN response
[2025-12-09T14:42:51.051Z] Frontend Vercel OK
[2025-12-09T14:42:51.085Z] Backend Render OK
[2025-12-09T14:43:05.987Z] Backend lokaal GEEN response
[2025-12-09T14:43:06.057Z] Frontend Vercel OK
[2025-12-09T14:43:06.080Z] Backend Render OK
[2025-12-09T14:43:20.996Z] Backend lokaal GEEN response
[2025-12-09T14:43:21.084Z] Frontend Vercel OK
[2025-12-09T14:43:21.088Z] Backend Render OK
[2025-12-09T14:43:35.999Z] Backend lokaal GEEN response
[2025-12-09T14:43:36.064Z] Frontend Vercel OK
[2025-12-09T14:43:36.084Z] Backend Render OK
[2025-12-09T14:43:51.002Z] Backend lokaal GEEN response
[2025-12-09T14:43:51.060Z] Frontend Vercel OK
[2025-12-09T14:43:51.086Z] Backend Render OK
[2025-12-09T14:44:05.995Z] Backend lokaal GEEN response
[2025-12-09T14:44:06.048Z] Frontend Vercel OK
[2025-12-09T14:44:06.095Z] Backend Render OK
[2025-12-09T14:44:21.003Z] Backend lokaal GEEN response
[2025-12-09T14:44:21.058Z] Frontend Vercel OK
[2025-12-09T14:44:21.097Z] Backend Render OK
[2025-12-09T14:44:36.001Z] Backend lokaal GEEN response
[2025-12-09T14:44:36.056Z] Frontend Vercel OK
[2025-12-09T14:44:36.083Z] Backend Render OK
[2025-12-09T14:44:50.994Z] Backend lokaal GEEN response
[2025-12-09T14:44:51.057Z] Frontend Vercel OK
[2025-12-09T14:44:51.082Z] Backend Render OK
[2025-12-09T14:45:06.002Z] Backend lokaal GEEN response
[2025-12-09T14:45:06.065Z] Frontend Vercel OK
[2025-12-09T14:45:06.106Z] Backend Render OK
[2025-12-09T14:45:21.006Z] Backend lokaal GEEN response
[2025-12-09T14:45:21.073Z] Frontend Vercel OK
[2025-12-09T14:45:21.099Z] Backend Render OK
[2025-12-09T14:45:36.004Z] Backend lokaal GEEN response
[2025-12-09T14:45:36.058Z] Frontend Vercel OK
[2025-12-09T14:45:36.114Z] Backend Render OK
[2025-12-09T14:45:51.008Z] Backend lokaal GEEN response
[2025-12-09T14:45:51.073Z] Frontend Vercel OK
[2025-12-09T14:45:51.095Z] Backend Render OK
[2025-12-09T14:46:06.002Z] Backend lokaal GEEN response
[2025-12-09T14:46:06.089Z] Frontend Vercel OK
[2025-12-09T14:46:06.090Z] Backend Render OK
[2025-12-09T14:46:21.011Z] Backend lokaal GEEN response
[2025-12-09T14:46:21.079Z] Frontend Vercel OK
[2025-12-09T14:46:21.095Z] Backend Render OK
[2025-12-09T14:46:36.015Z] Backend lokaal GEEN response
[2025-12-09T14:46:36.084Z] Frontend Vercel OK
[2025-12-09T14:46:36.120Z] Backend Render OK
[2025-12-09T14:46:51.007Z] Backend lokaal GEEN response
[2025-12-09T14:46:51.070Z] Frontend Vercel OK
[2025-12-09T14:46:51.091Z] Backend Render OK
[2025-12-09T14:47:06.017Z] Backend lokaal GEEN response
[2025-12-09T14:47:06.083Z] Frontend Vercel OK
[2025-12-09T14:47:06.104Z] Backend Render OK
[2025-12-09T14:47:21.011Z] Backend lokaal GEEN response
[2025-12-09T14:47:21.085Z] Frontend Vercel OK
[2025-12-09T14:47:21.096Z] Backend Render OK
[2025-12-09T14:47:36.002Z] Backend lokaal GEEN response
[2025-12-09T14:47:36.090Z] Frontend Vercel OK
[2025-12-09T14:47:36.099Z] Backend Render OK
[2025-12-09T14:47:51.004Z] Backend lokaal GEEN response
[2025-12-09T14:47:51.071Z] Frontend Vercel OK
[2025-12-09T14:47:51.079Z] Backend Render OK
[2025-12-09T14:48:06.015Z] Backend lokaal GEEN response
[2025-12-09T14:48:06.101Z] Frontend Vercel OK
[2025-12-09T14:48:06.106Z] Backend Render OK
[2025-12-09T14:48:21.016Z] Backend lokaal GEEN response
[2025-12-09T14:48:21.089Z] Frontend Vercel OK
[2025-12-09T14:48:21.125Z] Backend Render OK
[2025-12-09T14:48:36.018Z] Backend lokaal GEEN response
[2025-12-09T14:48:36.080Z] Frontend Vercel OK
[2025-12-09T14:48:36.161Z] Backend Render OK
[2025-12-09T14:48:51.017Z] Backend lokaal GEEN response
[2025-12-09T14:48:51.087Z] Frontend Vercel OK
[2025-12-09T14:48:51.102Z] Backend Render OK
[2025-12-09T14:49:06.021Z] Backend lokaal GEEN response
[2025-12-09T14:49:06.125Z] Backend Render OK
[2025-12-09T14:49:06.184Z] Frontend Vercel OK
[2025-12-09T14:49:21.024Z] Backend lokaal GEEN response
[2025-12-09T14:49:21.086Z] Frontend Vercel OK
[2025-12-09T14:49:21.110Z] Backend Render OK
[2025-12-09T14:49:36.014Z] Backend lokaal GEEN response
[2025-12-09T14:49:36.074Z] Frontend Vercel OK
[2025-12-09T14:49:36.121Z] Backend Render OK
[2025-12-09T14:49:51.024Z] Backend lokaal GEEN response
[2025-12-09T14:49:51.099Z] Frontend Vercel OK
[2025-12-09T14:49:51.133Z] Backend Render OK
[2025-12-09T14:50:06.024Z] Backend lokaal GEEN response
[2025-12-09T14:50:06.089Z] Frontend Vercel OK
[2025-12-09T14:50:06.113Z] Backend Render OK
[2025-12-09T14:50:21.023Z] Backend lokaal GEEN response
[2025-12-09T14:50:21.084Z] Frontend Vercel OK
[2025-12-09T14:50:21.139Z] Backend Render OK
[2025-12-09T14:50:36.021Z] Backend lokaal GEEN response
[2025-12-09T14:50:36.088Z] Frontend Vercel OK
[2025-12-09T14:50:36.126Z] Backend Render OK
[2025-12-09T14:50:51.030Z] Backend lokaal GEEN response
[2025-12-09T14:50:51.093Z] Frontend Vercel OK
[2025-12-09T14:50:51.114Z] Backend Render OK
[2025-12-09T14:51:06.016Z] Backend lokaal GEEN response
[2025-12-09T14:51:06.082Z] Frontend Vercel OK
[2025-12-09T14:51:06.098Z] Backend Render OK
[2025-12-09T14:51:21.030Z] Backend lokaal GEEN response
[2025-12-09T14:51:21.102Z] Frontend Vercel OK
[2025-12-09T14:51:21.140Z] Backend Render OK
[2025-12-09T14:51:36.034Z] Backend lokaal GEEN response
[2025-12-09T14:51:36.093Z] Frontend Vercel OK
[2025-12-09T14:51:36.133Z] Backend Render OK
[2025-12-09T14:51:51.024Z] Backend lokaal GEEN response
[2025-12-09T14:51:51.100Z] Frontend Vercel OK
[2025-12-09T14:51:51.137Z] Backend Render OK
[2025-12-09T14:52:06.033Z] Backend lokaal GEEN response
[2025-12-09T14:52:06.149Z] Frontend Vercel OK
[2025-12-09T14:52:06.183Z] Backend Render OK
[2025-12-09T14:52:21.034Z] Backend lokaal GEEN response
[2025-12-09T14:52:21.101Z] Frontend Vercel OK
[2025-12-09T14:52:21.138Z] Backend Render OK
[2025-12-09T14:52:36.025Z] Backend lokaal GEEN response
[2025-12-09T14:52:36.098Z] Frontend Vercel OK
[2025-12-09T14:52:36.116Z] Backend Render OK
[2025-12-09T14:52:51.037Z] Backend lokaal GEEN response
[2025-12-09T14:52:51.109Z] Frontend Vercel OK
[2025-12-09T14:52:51.124Z] Backend Render OK
[2025-12-09T14:53:06.037Z] Backend lokaal GEEN response
[2025-12-09T14:53:06.168Z] Backend Render OK
[2025-12-09T14:53:06.169Z] Frontend Vercel OK
[2025-12-09T14:53:21.040Z] Backend lokaal GEEN response
[2025-12-09T14:53:21.105Z] Frontend Vercel OK
[2025-12-09T14:53:21.115Z] Backend Render OK
[2025-12-09T14:53:36.039Z] Backend lokaal GEEN response
[2025-12-09T14:53:36.104Z] Frontend Vercel OK
[2025-12-09T14:53:36.123Z] Backend Render OK
[2025-12-09T14:53:51.033Z] Backend lokaal GEEN response
[2025-12-09T14:53:51.095Z] Frontend Vercel OK
[2025-12-09T14:53:51.139Z] Backend Render OK
[2025-12-09T14:54:06.036Z] Backend lokaal GEEN response
[2025-12-09T14:54:06.104Z] Frontend Vercel OK
[2025-12-09T14:54:06.131Z] Backend Render OK
[2025-12-09T14:54:21.037Z] Backend lokaal GEEN response
[2025-12-09T14:54:21.155Z] Frontend Vercel OK
[2025-12-09T14:54:21.215Z] Backend Render OK
[2025-12-09T14:54:36.043Z] Backend lokaal GEEN response
[2025-12-09T14:54:36.105Z] Frontend Vercel OK
[2025-12-09T14:54:36.162Z] Backend Render OK
[2025-12-09T14:54:51.045Z] Backend lokaal GEEN response
[2025-12-09T14:54:51.114Z] Frontend Vercel OK
[2025-12-09T14:54:51.127Z] Backend Render OK
[2025-12-09T14:55:06.050Z] Backend lokaal GEEN response
[2025-12-09T14:55:06.123Z] Frontend Vercel OK
[2025-12-09T14:55:06.206Z] Backend Render OK
[2025-12-09T14:55:21.045Z] Backend lokaal GEEN response
[2025-12-09T14:55:21.116Z] Frontend Vercel OK
[2025-12-09T14:55:21.133Z] Backend Render OK
[2025-12-09T14:55:36.041Z] Backend lokaal GEEN response
[2025-12-09T14:55:36.105Z] Frontend Vercel OK
[2025-12-09T14:55:36.145Z] Backend Render OK
[2025-12-09T14:55:51.048Z] Backend lokaal GEEN response
[2025-12-09T14:55:51.113Z] Frontend Vercel OK
[2025-12-09T14:55:51.159Z] Backend Render OK
[2025-12-09T14:56:06.052Z] Backend lokaal GEEN response
[2025-12-09T14:56:06.120Z] Frontend Vercel OK
[2025-12-09T14:56:06.170Z] Backend Render OK
[2025-12-09T14:56:21.052Z] Backend lokaal GEEN response
[2025-12-09T14:56:21.127Z] Frontend Vercel OK
[2025-12-09T14:56:21.148Z] Backend Render OK
[2025-12-09T14:56:36.052Z] Backend lokaal GEEN response
[2025-12-09T14:56:36.116Z] Frontend Vercel OK
[2025-12-09T14:56:36.191Z] Backend Render OK
[2025-12-09T14:56:51.055Z] Backend lokaal GEEN response
[2025-12-09T14:56:51.130Z] Frontend Vercel OK
[2025-12-09T14:56:51.139Z] Backend Render OK
[2025-12-09T14:57:06.055Z] Backend lokaal GEEN response
[2025-12-09T14:57:06.118Z] Frontend Vercel OK
[2025-12-09T14:57:06.145Z] Backend Render OK
[2025-12-09T14:57:21.054Z] Backend lokaal GEEN response
[2025-12-09T14:57:21.115Z] Frontend Vercel OK
[2025-12-09T14:57:21.148Z] Backend Render OK
[2025-12-09T14:57:36.058Z] Backend lokaal GEEN response
[2025-12-09T14:57:36.126Z] Frontend Vercel OK
[2025-12-09T14:57:36.137Z] Backend Render OK
[2025-12-09T14:57:51.049Z] Backend lokaal GEEN response
[2025-12-09T14:57:51.135Z] Frontend Vercel OK
[2025-12-09T14:57:51.183Z] Backend Render OK
[2025-12-09T14:58:06.048Z] Backend lokaal GEEN response
[2025-12-09T14:58:06.143Z] Backend Render OK
[2025-12-09T14:58:06.143Z] Frontend Vercel OK
[2025-12-09T14:58:21.042Z] Backend lokaal GEEN response
[2025-12-09T14:58:21.129Z] Frontend Vercel OK
[2025-12-09T14:58:21.159Z] Backend Render OK
[2025-12-09T14:58:36.038Z] Backend lokaal GEEN response
[2025-12-09T14:58:36.111Z] Frontend Vercel OK
[2025-12-09T14:58:36.132Z] Backend Render OK
[2025-12-09T14:58:51.045Z] Backend lokaal GEEN response
[2025-12-09T14:58:51.108Z] Frontend Vercel OK
[2025-12-09T14:58:51.136Z] Backend Render OK
[2025-12-09T14:59:06.044Z] Backend lokaal GEEN response
[2025-12-09T14:59:06.101Z] Frontend Vercel OK
[2025-12-09T14:59:06.138Z] Backend Render OK
[2025-12-09T14:59:21.040Z] Backend lokaal GEEN response
[2025-12-09T14:59:21.099Z] Frontend Vercel OK
[2025-12-09T14:59:21.118Z] Backend Render OK
[2025-12-09T14:59:36.045Z] Backend lokaal GEEN response
[2025-12-09T14:59:36.104Z] Frontend Vercel OK
[2025-12-09T14:59:36.130Z] Backend Render OK
[2025-12-09T14:59:51.048Z] Backend lokaal GEEN response
[2025-12-09T14:59:51.113Z] Frontend Vercel OK
[2025-12-09T14:59:51.139Z] Backend Render OK
[2025-12-09T15:00:06.044Z] Backend lokaal GEEN response
[2025-12-09T15:00:06.118Z] Frontend Vercel OK
[2025-12-09T15:00:06.174Z] Backend Render OK
[2025-12-09T15:00:21.047Z] Backend lokaal GEEN response
[2025-12-09T15:00:21.106Z] Frontend Vercel OK
[2025-12-09T15:00:21.132Z] Backend Render OK
[2025-12-09T15:00:36.049Z] Backend lokaal GEEN response
[2025-12-09T15:00:36.104Z] Frontend Vercel OK
[2025-12-09T15:00:36.136Z] Backend Render OK
[2025-12-09T15:00:51.052Z] Backend lokaal GEEN response
[2025-12-09T15:00:51.107Z] Frontend Vercel OK
[2025-12-09T15:00:51.137Z] Backend Render OK
[2025-12-09T15:01:06.063Z] Backend lokaal GEEN response
[2025-12-09T15:01:06.117Z] Frontend Vercel OK
[2025-12-09T15:01:06.148Z] Backend Render OK
[2025-12-09T15:01:21.047Z] Backend lokaal GEEN response
[2025-12-09T15:01:21.104Z] Frontend Vercel OK
[2025-12-09T15:01:21.127Z] Backend Render OK
[2025-12-09T15:01:36.053Z] Backend lokaal GEEN response
[2025-12-09T15:01:36.109Z] Frontend Vercel OK
[2025-12-09T15:01:36.277Z] Backend Render OK
[2025-12-09T15:01:51.056Z] Backend lokaal GEEN response
[2025-12-09T15:01:51.242Z] Backend Render OK
[2025-12-09T15:01:51.519Z] Frontend Vercel OK
[2025-12-09T15:02:06.054Z] Backend lokaal GEEN response
[2025-12-09T15:02:06.721Z] Backend Render OK
[2025-12-09T15:02:06.833Z] Frontend Vercel OK
[2025-12-09T15:02:21.057Z] Backend lokaal GEEN response
[2025-12-09T15:02:21.240Z] Frontend Vercel OK
[2025-12-09T15:02:21.319Z] Backend Render OK
[2025-12-09T15:02:36.059Z] Backend lokaal GEEN response
[2025-12-09T15:02:36.310Z] Frontend Vercel OK
[2025-12-09T15:02:36.353Z] Backend Render OK
[2025-12-09T15:02:51.061Z] Backend lokaal GEEN response
[2025-12-09T15:02:51.115Z] Frontend Vercel OK
[2025-12-09T15:02:51.150Z] Backend Render OK
[2025-12-09T15:03:06.056Z] Backend lokaal GEEN response
[2025-12-09T15:03:06.115Z] Frontend Vercel OK
[2025-12-09T15:03:06.157Z] Backend Render OK
[2025-12-09T15:03:21.060Z] Backend lokaal GEEN response
[2025-12-09T15:03:21.119Z] Frontend Vercel OK
[2025-12-09T15:03:21.153Z] Backend Render OK
[2025-12-09T15:03:36.060Z] Backend lokaal GEEN response
[2025-12-09T15:03:36.122Z] Frontend Vercel OK
[2025-12-09T15:03:36.145Z] Backend Render OK
[2025-12-09T15:03:51.061Z] Backend lokaal GEEN response
[2025-12-09T15:03:51.155Z] Frontend Vercel OK
[2025-12-09T15:03:51.167Z] Backend Render OK
[2025-12-09T15:04:06.058Z] Backend lokaal GEEN response
[2025-12-09T15:04:06.128Z] Frontend Vercel OK
[2025-12-09T15:04:06.141Z] Backend Render OK
[2025-12-09T15:04:21.054Z] Backend lokaal GEEN response
[2025-12-09T15:04:21.121Z] Frontend Vercel OK
[2025-12-09T15:04:21.146Z] Backend Render OK
[2025-12-09T15:04:36.062Z] Backend lokaal GEEN response
[2025-12-09T15:04:36.136Z] Frontend Vercel OK
[2025-12-09T15:04:36.160Z] Backend Render OK
[2025-12-09T15:04:51.067Z] Backend lokaal GEEN response
[2025-12-09T15:04:51.137Z] Frontend Vercel OK
[2025-12-09T15:04:51.173Z] Backend Render OK
[2025-12-09T15:05:06.068Z] Backend lokaal GEEN response
[2025-12-09T15:05:06.143Z] Frontend Vercel OK
[2025-12-09T15:05:06.164Z] Backend Render OK
[2025-12-09T15:05:21.073Z] Backend lokaal GEEN response
[2025-12-09T15:05:21.151Z] Frontend Vercel OK
[2025-12-09T15:05:21.176Z] Backend Render OK
[2025-12-09T15:05:36.072Z] Backend lokaal GEEN response
[2025-12-09T15:05:36.141Z] Frontend Vercel OK
[2025-12-09T15:05:36.180Z] Backend Render OK
[2025-12-09T15:05:51.061Z] Backend lokaal GEEN response
[2025-12-09T15:05:51.126Z] Frontend Vercel OK
[2025-12-09T15:05:51.144Z] Backend Render OK
[2025-12-09T15:06:06.069Z] Backend lokaal GEEN response
[2025-12-09T15:06:06.140Z] Frontend Vercel OK
[2025-12-09T15:06:06.155Z] Backend Render OK
[2025-12-09T15:06:21.067Z] Backend lokaal GEEN response
[2025-12-09T15:06:21.144Z] Frontend Vercel OK
[2025-12-09T15:06:21.191Z] Backend Render OK
[2025-12-09T15:06:36.073Z] Backend lokaal GEEN response
[2025-12-09T15:06:36.181Z] Backend Render OK
[2025-12-09T15:06:36.463Z] Frontend Vercel OK
[2025-12-09T15:06:51.076Z] Backend lokaal GEEN response
[2025-12-09T15:06:51.153Z] Frontend Vercel OK
[2025-12-09T15:06:51.154Z] Backend Render OK
[2025-12-09T15:07:06.073Z] Backend lokaal GEEN response
[2025-12-09T15:07:06.138Z] Frontend Vercel OK
[2025-12-09T15:07:06.162Z] Backend Render OK
[2025-12-09T15:07:21.076Z] Backend lokaal GEEN response
[2025-12-09T15:07:21.137Z] Frontend Vercel OK
[2025-12-09T15:07:21.170Z] Backend Render OK
[2025-12-09T15:07:36.081Z] Backend lokaal GEEN response
[2025-12-09T15:07:36.163Z] Frontend Vercel OK
[2025-12-09T15:07:36.190Z] Backend Render OK
[2025-12-09T15:07:51.073Z] Backend lokaal GEEN response
[2025-12-09T15:07:51.140Z] Frontend Vercel OK
[2025-12-09T15:07:51.189Z] Backend Render OK
[2025-12-09T15:08:06.076Z] Backend lokaal GEEN response
[2025-12-09T15:08:06.139Z] Frontend Vercel OK
[2025-12-09T15:08:06.232Z] Backend Render OK
[2025-12-09T15:08:21.078Z] Backend lokaal GEEN response
[2025-12-09T15:08:21.151Z] Frontend Vercel OK
[2025-12-09T15:08:21.165Z] Backend Render OK
[2025-12-09T15:08:36.081Z] Backend lokaal GEEN response
[2025-12-09T15:08:36.153Z] Frontend Vercel OK
[2025-12-09T15:08:36.169Z] Backend Render OK
[2025-12-09T15:08:51.073Z] Backend lokaal GEEN response
[2025-12-09T15:08:51.138Z] Frontend Vercel OK
[2025-12-09T15:08:51.167Z] Backend Render OK
[2025-12-09T15:09:06.081Z] Backend lokaal GEEN response
[2025-12-09T15:09:06.147Z] Frontend Vercel OK
[2025-12-09T15:09:06.175Z] Backend Render OK
[2025-12-09T15:09:21.084Z] Backend lokaal GEEN response
[2025-12-09T15:09:21.144Z] Frontend Vercel OK
[2025-12-09T15:09:21.170Z] Backend Render OK
[2025-12-09T15:09:36.086Z] Backend lokaal GEEN response
[2025-12-09T15:09:36.155Z] Frontend Vercel OK
[2025-12-09T15:09:36.180Z] Backend Render OK
[2025-12-09T15:09:51.086Z] Backend lokaal GEEN response
[2025-12-09T15:09:51.151Z] Frontend Vercel OK
[2025-12-09T15:09:51.189Z] Backend Render OK
[2025-12-09T15:10:06.086Z] Backend lokaal GEEN response
[2025-12-09T15:10:06.149Z] Frontend Vercel OK
[2025-12-09T15:10:06.173Z] Backend Render OK
[2025-12-09T15:10:21.086Z] Backend lokaal GEEN response
[2025-12-09T15:10:21.162Z] Frontend Vercel OK
[2025-12-09T15:10:21.181Z] Backend Render OK
[2025-12-09T15:10:36.091Z] Backend lokaal GEEN response
[2025-12-09T15:10:36.158Z] Frontend Vercel OK
[2025-12-09T15:10:36.161Z] Backend Render OK
[2025-12-09T15:10:51.089Z] Backend lokaal GEEN response
[2025-12-09T15:10:51.186Z] Backend Render OK
[2025-12-09T15:10:51.237Z] Frontend Vercel OK
[2025-12-09T15:11:06.093Z] Backend lokaal GEEN response
[2025-12-09T15:11:06.170Z] Frontend Vercel OK
[2025-12-09T15:11:06.189Z] Backend Render OK
[2025-12-09T15:11:21.097Z] Backend lokaal GEEN response
[2025-12-09T15:11:21.171Z] Frontend Vercel OK
[2025-12-09T15:11:21.199Z] Backend Render OK
[2025-12-09T15:11:36.086Z] Backend lokaal GEEN response
[2025-12-09T15:11:36.159Z] Frontend Vercel OK
[2025-12-09T15:11:36.159Z] Backend Render OK
[2025-12-09T15:11:51.104Z] Backend lokaal GEEN response
[2025-12-09T15:11:51.170Z] Frontend Vercel OK
[2025-12-09T15:11:51.200Z] Backend Render OK
[2025-12-09T15:12:06.098Z] Backend lokaal GEEN response
[2025-12-09T15:12:06.160Z] Frontend Vercel OK
[2025-12-09T15:12:06.186Z] Backend Render OK
[2025-12-09T15:12:21.102Z] Backend lokaal GEEN response
[2025-12-09T15:12:21.179Z] Frontend Vercel OK
[2025-12-09T15:12:21.210Z] Backend Render OK
[2025-12-09T15:12:36.101Z] Backend lokaal GEEN response
[2025-12-09T15:12:36.190Z] Frontend Vercel OK
[2025-12-09T15:12:36.221Z] Backend Render OK
[2025-12-09T15:12:51.100Z] Backend lokaal GEEN response
[2025-12-09T15:12:51.163Z] Frontend Vercel OK
[2025-12-09T15:12:51.190Z] Backend Render OK
[2025-12-09T15:13:06.093Z] Backend lokaal GEEN response
[2025-12-09T15:13:06.155Z] Frontend Vercel OK
[2025-12-09T15:13:06.202Z] Backend Render OK
[2025-12-09T15:13:21.105Z] Backend lokaal GEEN response
[2025-12-09T15:13:21.174Z] Frontend Vercel OK
[2025-12-09T15:13:21.193Z] Backend Render OK
[2025-12-09T15:13:36.105Z] Backend lokaal GEEN response
[2025-12-09T15:13:36.176Z] Frontend Vercel OK
[2025-12-09T15:13:36.209Z] Backend Render OK
[2025-12-09T15:13:51.106Z] Backend lokaal GEEN response
[2025-12-09T15:13:51.171Z] Frontend Vercel OK
[2025-12-09T15:13:51.219Z] Backend Render OK
[2025-12-09T15:14:06.109Z] Backend lokaal GEEN response
[2025-12-09T15:14:06.174Z] Frontend Vercel OK
[2025-12-09T15:14:06.231Z] Backend Render OK
[2025-12-09T15:14:21.099Z] Backend lokaal GEEN response
[2025-12-09T15:14:21.162Z] Frontend Vercel OK
[2025-12-09T15:14:21.210Z] Backend Render OK
[2025-12-09T15:14:36.109Z] Backend lokaal GEEN response
[2025-12-09T15:14:36.174Z] Frontend Vercel OK
[2025-12-09T15:14:36.275Z] Backend Render OK
[2025-12-09T15:14:51.108Z] Backend lokaal GEEN response
[2025-12-09T15:14:51.171Z] Frontend Vercel OK
[2025-12-09T15:14:51.202Z] Backend Render OK
[2025-12-09T15:15:06.110Z] Backend lokaal GEEN response
[2025-12-09T15:15:06.177Z] Frontend Vercel OK
[2025-12-09T15:15:06.204Z] Backend Render OK
[2025-12-09T15:15:21.103Z] Backend lokaal GEEN response
[2025-12-09T15:15:21.170Z] Frontend Vercel OK
[2025-12-09T15:15:21.185Z] Backend Render OK
[2025-12-09T15:15:36.140Z] Backend lokaal GEEN response
[2025-12-09T15:15:36.210Z] Frontend Vercel OK
[2025-12-09T15:15:36.219Z] Backend Render OK
[2025-12-09T15:15:51.111Z] Backend lokaal GEEN response
[2025-12-09T15:15:51.172Z] Frontend Vercel OK
[2025-12-09T15:15:51.192Z] Backend Render OK
[2025-12-09T15:16:06.120Z] Backend lokaal GEEN response
[2025-12-09T15:16:06.189Z] Frontend Vercel OK
[2025-12-09T15:16:06.225Z] Backend Render OK
[2025-12-09T15:16:21.116Z] Backend lokaal GEEN response
[2025-12-09T15:16:21.172Z] Frontend Vercel OK
[2025-12-09T15:16:21.242Z] Backend Render OK
[2025-12-09T15:16:36.115Z] Backend lokaal GEEN response
[2025-12-09T15:16:36.181Z] Frontend Vercel OK
[2025-12-09T15:16:36.201Z] Backend Render OK
[2025-12-09T15:16:51.121Z] Backend lokaal GEEN response
[2025-12-09T15:16:51.188Z] Frontend Vercel OK
[2025-12-09T15:16:51.243Z] Backend Render OK
[2025-12-09T15:17:06.124Z] Backend lokaal GEEN response
[2025-12-09T15:17:06.190Z] Frontend Vercel OK
[2025-12-09T15:17:06.251Z] Backend Render OK
[2025-12-09T15:17:21.123Z] Backend lokaal GEEN response
[2025-12-09T15:17:21.190Z] Frontend Vercel OK
[2025-12-09T15:17:21.199Z] Backend Render OK
[2025-12-09T15:17:36.117Z] Backend lokaal GEEN response
[2025-12-09T15:17:36.176Z] Frontend Vercel OK
[2025-12-09T15:17:36.201Z] Backend Render OK
[2025-12-09T15:17:51.114Z] Backend lokaal GEEN response
[2025-12-09T15:17:51.185Z] Frontend Vercel OK
[2025-12-09T15:17:51.215Z] Backend Render OK
[2025-12-09T15:18:06.113Z] Backend lokaal GEEN response
[2025-12-09T15:18:06.173Z] Frontend Vercel OK
[2025-12-09T15:18:06.233Z] Backend Render OK
[2025-12-09T15:18:21.114Z] Backend lokaal GEEN response
[2025-12-09T15:18:21.178Z] Frontend Vercel OK
[2025-12-09T15:18:21.193Z] Backend Render OK
[2025-12-09T15:18:36.120Z] Backend lokaal GEEN response
[2025-12-09T15:18:36.184Z] Frontend Vercel OK
[2025-12-09T15:18:36.215Z] Backend Render OK
[2025-12-09T15:18:51.130Z] Backend lokaal GEEN response
[2025-12-09T15:18:51.196Z] Frontend Vercel OK
[2025-12-09T15:18:51.229Z] Backend Render OK
[2025-12-09T15:19:06.119Z] Backend lokaal GEEN response
[2025-12-09T15:19:06.190Z] Frontend Vercel OK
[2025-12-09T15:19:06.225Z] Backend Render OK
[2025-12-09T15:19:21.120Z] Backend lokaal GEEN response
[2025-12-09T15:19:21.195Z] Frontend Vercel OK
[2025-12-09T15:19:21.208Z] Backend Render OK
[2025-12-09T15:19:36.130Z] Backend lokaal GEEN response
[2025-12-09T15:19:36.187Z] Frontend Vercel OK
[2025-12-09T15:19:36.217Z] Backend Render OK
[2025-12-09T15:19:51.123Z] Backend lokaal GEEN response
[2025-12-09T15:19:51.187Z] Frontend Vercel OK
[2025-12-09T15:19:51.221Z] Backend Render OK
[2025-12-09T15:20:06.125Z] Backend lokaal GEEN response
[2025-12-09T15:20:06.181Z] Frontend Vercel OK
[2025-12-09T15:20:06.203Z] Backend Render OK
[2025-12-09T15:20:21.124Z] Backend lokaal GEEN response
[2025-12-09T15:20:21.197Z] Frontend Vercel OK
[2025-12-09T15:20:21.221Z] Backend Render OK
[2025-12-09T15:20:36.127Z] Backend lokaal GEEN response
[2025-12-09T15:20:36.193Z] Frontend Vercel OK
[2025-12-09T15:20:36.208Z] Backend Render OK
[2025-12-09T15:20:51.128Z] Backend lokaal GEEN response
[2025-12-09T15:20:51.183Z] Frontend Vercel OK
[2025-12-09T15:20:51.213Z] Backend Render OK
[2025-12-09T15:21:06.126Z] Backend lokaal GEEN response
[2025-12-09T15:21:06.192Z] Frontend Vercel OK
[2025-12-09T15:21:06.324Z] Backend Render OK
[2025-12-09T15:21:21.122Z] Backend lokaal GEEN response
[2025-12-09T15:21:21.191Z] Frontend Vercel OK
[2025-12-09T15:21:21.216Z] Backend Render OK
[2025-12-09T15:21:36.130Z] Backend lokaal GEEN response
[2025-12-09T15:21:36.192Z] Frontend Vercel OK
[2025-12-09T15:21:36.228Z] Backend Render OK
[2025-12-09T15:21:51.153Z] Backend lokaal GEEN response
[2025-12-09T15:21:51.226Z] Frontend Vercel OK
[2025-12-09T15:21:51.249Z] Backend Render OK
[2025-12-09T15:22:06.140Z] Backend lokaal GEEN response
[2025-12-09T15:22:06.213Z] Frontend Vercel OK
[2025-12-09T15:22:06.219Z] Backend Render OK
[2025-12-09T15:22:21.132Z] Backend lokaal GEEN response
[2025-12-09T15:22:21.200Z] Frontend Vercel OK
[2025-12-09T15:22:21.222Z] Backend Render OK
[2025-12-09T15:22:36.139Z] Backend lokaal GEEN response
[2025-12-09T15:22:36.224Z] Backend Render OK
[2025-12-09T15:22:36.262Z] Frontend Vercel OK
[2025-12-09T15:22:51.140Z] Backend lokaal GEEN response
[2025-12-09T15:22:51.217Z] Backend Render OK
[2025-12-09T15:22:51.217Z] Frontend Vercel OK
[2025-12-09T15:23:06.136Z] Backend lokaal GEEN response
[2025-12-09T15:23:06.216Z] Frontend Vercel OK
[2025-12-09T15:23:06.251Z] Backend Render OK
[2025-12-09T15:23:21.153Z] Backend lokaal GEEN response
[2025-12-09T15:23:21.251Z] Backend Render OK
[2025-12-09T15:23:21.254Z] Frontend Vercel OK
[2025-12-09T15:23:36.137Z] Backend lokaal GEEN response
[2025-12-09T15:23:36.210Z] Frontend Vercel OK
[2025-12-09T15:23:36.225Z] Backend Render OK
[2025-12-09T15:23:51.140Z] Backend lokaal GEEN response
[2025-12-09T15:23:51.221Z] Frontend Vercel OK
[2025-12-09T15:23:51.264Z] Backend Render OK
[2025-12-09T15:24:06.146Z] Backend lokaal GEEN response
[2025-12-09T15:24:06.218Z] Frontend Vercel OK
[2025-12-09T15:24:06.232Z] Backend Render OK
[2025-12-09T15:24:21.146Z] Backend lokaal GEEN response
[2025-12-09T15:24:21.217Z] Frontend Vercel OK
[2025-12-09T15:24:21.229Z] Backend Render OK
[2025-12-09T15:24:36.144Z] Backend lokaal GEEN response
[2025-12-09T15:24:36.211Z] Frontend Vercel OK
[2025-12-09T15:24:36.273Z] Backend Render OK
[2025-12-09T15:24:51.147Z] Backend lokaal GEEN response
[2025-12-09T15:24:51.226Z] Frontend Vercel OK
[2025-12-09T15:24:51.235Z] Backend Render OK
[2025-12-09T15:25:06.148Z] Backend lokaal GEEN response
[2025-12-09T15:25:06.214Z] Frontend Vercel OK
[2025-12-09T15:25:06.254Z] Backend Render OK
[2025-12-09T15:25:21.148Z] Backend lokaal GEEN response
[2025-12-09T15:25:21.231Z] Frontend Vercel OK
[2025-12-09T15:25:21.245Z] Backend Render OK
[2025-12-09T15:25:36.150Z] Backend lokaal GEEN response
[2025-12-09T15:25:36.232Z] Backend Render OK
[2025-12-09T15:25:36.244Z] Frontend Vercel OK
[2025-12-09T15:25:51.164Z] Backend lokaal GEEN response
[2025-12-09T15:25:51.234Z] Frontend Vercel OK
[2025-12-09T15:25:51.249Z] Backend Render OK
[2025-12-09T15:26:06.163Z] Backend lokaal GEEN response
[2025-12-09T15:26:06.235Z] Frontend Vercel OK
[2025-12-09T15:26:06.264Z] Backend Render OK
[2025-12-09T15:26:21.153Z] Backend lokaal GEEN response
[2025-12-09T15:26:21.222Z] Frontend Vercel OK
[2025-12-09T15:26:21.251Z] Backend Render OK
[2025-12-09T15:26:36.152Z] Backend lokaal GEEN response
[2025-12-09T15:26:36.226Z] Frontend Vercel OK
[2025-12-09T15:26:36.266Z] Backend Render OK
[2025-12-09T15:26:51.156Z] Backend lokaal GEEN response
[2025-12-09T15:26:51.255Z] Backend Render OK
[2025-12-09T15:26:51.263Z] Frontend Vercel OK
[2025-12-09T15:27:06.168Z] Backend lokaal GEEN response
[2025-12-09T15:27:06.241Z] Frontend Vercel OK
[2025-12-09T15:27:06.251Z] Backend Render OK
[2025-12-09T15:27:21.159Z] Backend lokaal GEEN response
[2025-12-09T15:27:21.227Z] Frontend Vercel OK
[2025-12-09T15:27:21.265Z] Backend Render OK
[2025-12-09T15:27:36.171Z] Backend lokaal GEEN response
[2025-12-09T15:27:36.250Z] Frontend Vercel OK
[2025-12-09T15:27:36.334Z] Backend Render OK
[2025-12-09T15:27:51.170Z] Backend lokaal GEEN response
[2025-12-09T15:27:51.251Z] Frontend Vercel OK
[2025-12-09T15:27:51.268Z] Backend Render OK
[2025-12-09T15:28:06.182Z] Backend lokaal GEEN response
[2025-12-09T15:28:06.259Z] Frontend Vercel OK
[2025-12-09T15:28:06.296Z] Backend Render OK
[2025-12-09T15:28:21.186Z] Backend lokaal GEEN response
[2025-12-09T15:28:21.272Z] Backend Render OK
[2025-12-09T15:28:21.341Z] Frontend Vercel OK
[2025-12-09T15:28:36.188Z] Backend lokaal GEEN response
[2025-12-09T15:28:36.262Z] Frontend Vercel OK
[2025-12-09T15:28:36.270Z] Backend Render OK
[2025-12-09T15:28:51.180Z] Backend lokaal GEEN response
[2025-12-09T15:28:51.256Z] Frontend Vercel OK
[2025-12-09T15:28:51.256Z] Backend Render OK
[2025-12-09T15:29:06.179Z] Backend lokaal GEEN response
[2025-12-09T15:29:06.258Z] Frontend Vercel OK
[2025-12-09T15:29:06.287Z] Backend Render OK
[2025-12-09T15:29:21.183Z] Backend lokaal GEEN response
[2025-12-09T15:29:21.271Z] Backend Render OK
[2025-12-09T15:29:21.483Z] Frontend Vercel OK
[2025-12-09T15:29:36.195Z] Backend lokaal GEEN response
[2025-12-09T15:29:36.268Z] Frontend Vercel OK
[2025-12-09T15:29:36.278Z] Backend Render OK
[2025-12-09T15:29:51.195Z] Backend lokaal GEEN response
[2025-12-09T15:29:51.274Z] Frontend Vercel OK
[2025-12-09T15:29:51.314Z] Backend Render OK
[2025-12-09T15:30:06.195Z] Backend lokaal GEEN response
[2025-12-09T15:30:06.256Z] Frontend Vercel OK
[2025-12-09T15:30:06.276Z] Backend Render OK
[2025-12-09T15:30:21.207Z] Backend lokaal GEEN response
[2025-12-09T15:30:21.273Z] Frontend Vercel OK
[2025-12-09T15:30:21.297Z] Backend Render OK
[2025-12-09T15:30:36.191Z] Backend lokaal GEEN response
[2025-12-09T15:30:36.280Z] Frontend Vercel OK
[2025-12-09T15:30:36.281Z] Backend Render OK
[2025-12-09T15:30:51.192Z] Backend lokaal GEEN response
[2025-12-09T15:30:51.255Z] Frontend Vercel OK
[2025-12-09T15:30:51.289Z] Backend Render OK
[2025-12-09T15:31:06.189Z] Backend lokaal GEEN response
[2025-12-09T15:31:06.246Z] Frontend Vercel OK
[2025-12-09T15:31:06.287Z] Backend Render OK
[2025-12-09T15:31:21.206Z] Backend lokaal GEEN response
[2025-12-09T15:31:21.270Z] Frontend Vercel OK
[2025-12-09T15:31:21.315Z] Backend Render OK
[2025-12-09T15:31:36.206Z] Backend lokaal GEEN response
[2025-12-09T15:31:36.263Z] Frontend Vercel OK
[2025-12-09T15:31:36.292Z] Backend Render OK
[2025-12-09T15:31:51.189Z] Backend lokaal GEEN response
[2025-12-09T15:31:51.252Z] Frontend Vercel OK
[2025-12-09T15:31:51.270Z] Backend Render OK
[2025-12-09T15:32:06.201Z] Backend lokaal GEEN response
[2025-12-09T15:32:06.259Z] Frontend Vercel OK
[2025-12-09T15:32:06.308Z] Backend Render OK
[2025-12-09T15:32:21.199Z] Backend lokaal GEEN response
[2025-12-09T15:32:21.276Z] Frontend Vercel OK
[2025-12-09T15:32:21.325Z] Backend Render OK
[2025-12-09T15:32:36.215Z] Backend lokaal GEEN response
[2025-12-09T15:32:36.276Z] Frontend Vercel OK
[2025-12-09T15:32:36.305Z] Backend Render OK
[2025-12-09T15:32:51.205Z] Backend lokaal GEEN response
[2025-12-09T15:32:51.260Z] Frontend Vercel OK
[2025-12-09T15:32:51.293Z] Backend Render OK
[2025-12-09T15:33:06.200Z] Backend lokaal GEEN response
[2025-12-09T15:33:06.286Z] Frontend Vercel OK
[2025-12-09T15:33:06.299Z] Backend Render OK
[2025-12-09T15:33:21.212Z] Backend lokaal GEEN response
[2025-12-09T15:33:21.266Z] Frontend Vercel OK
[2025-12-09T15:33:21.301Z] Backend Render OK
[2025-12-09T15:33:36.204Z] Backend lokaal GEEN response
[2025-12-09T15:33:36.256Z] Frontend Vercel OK
[2025-12-09T15:33:36.281Z] Backend Render OK
[2025-12-09T15:33:51.219Z] Backend lokaal GEEN response
[2025-12-09T15:33:51.283Z] Frontend Vercel OK
[2025-12-09T15:33:51.316Z] Backend Render OK
[2025-12-09T15:34:06.215Z] Backend lokaal GEEN response
[2025-12-09T15:34:06.273Z] Frontend Vercel OK
[2025-12-09T15:34:06.383Z] Backend Render OK
[2025-12-09T15:34:21.225Z] Backend lokaal GEEN response
[2025-12-09T15:34:21.290Z] Frontend Vercel OK
[2025-12-09T15:34:21.329Z] Backend Render OK
[2025-12-09T15:34:36.195Z] Backend lokaal GEEN response
[2025-12-09T15:34:36.256Z] Frontend Vercel OK
[2025-12-09T15:34:36.291Z] Backend Render OK
[2025-12-09T15:34:51.214Z] Backend lokaal GEEN response
[2025-12-09T15:34:51.286Z] Frontend Vercel OK
[2025-12-09T15:34:51.317Z] Backend Render OK
[2025-12-09T15:35:06.212Z] Backend lokaal GEEN response
[2025-12-09T15:35:06.261Z] Frontend Vercel OK
[2025-12-09T15:35:06.324Z] Backend Render OK
[2025-12-09T15:35:21.225Z] Backend lokaal GEEN response
[2025-12-09T15:35:21.280Z] Frontend Vercel OK
[2025-12-09T15:35:21.329Z] Backend Render OK
[2025-12-09T15:35:36.228Z] Backend lokaal GEEN response
[2025-12-09T15:35:36.296Z] Frontend Vercel OK
[2025-12-09T15:35:36.337Z] Backend Render OK
[2025-12-09T15:35:51.219Z] Backend lokaal GEEN response
[2025-12-09T15:35:51.283Z] Frontend Vercel OK
[2025-12-09T15:35:51.297Z] Backend Render OK
[2025-12-09T15:36:06.228Z] Backend lokaal GEEN response
[2025-12-09T15:36:06.284Z] Frontend Vercel OK
[2025-12-09T15:36:06.347Z] Backend Render OK
[2025-12-09T15:36:21.227Z] Backend lokaal GEEN response
[2025-12-09T15:36:21.292Z] Frontend Vercel OK
[2025-12-09T15:36:21.325Z] Backend Render OK
[2025-12-09T15:36:36.219Z] Backend lokaal GEEN response
[2025-12-09T15:36:36.282Z] Frontend Vercel OK
[2025-12-09T15:36:36.322Z] Backend Render OK
[2025-12-09T15:36:51.279Z] Backend lokaal GEEN response
[2025-12-09T15:36:51.340Z] Frontend Vercel OK
[2025-12-09T15:36:51.384Z] Backend Render OK
[2025-12-09T15:37:06.224Z] Backend lokaal GEEN response
[2025-12-09T15:37:06.299Z] Frontend Vercel OK
[2025-12-09T15:37:06.361Z] Backend Render OK
[2025-12-09T15:37:21.235Z] Backend lokaal GEEN response
[2025-12-09T15:37:21.312Z] Frontend Vercel OK
[2025-12-09T15:37:21.333Z] Backend Render OK
[2025-12-09T15:37:36.233Z] Backend lokaal GEEN response
[2025-12-09T15:37:36.303Z] Frontend Vercel OK
[2025-12-09T15:37:36.332Z] Backend Render OK
[2025-12-09T15:37:51.238Z] Backend lokaal GEEN response
[2025-12-09T15:37:51.304Z] Frontend Vercel OK
[2025-12-09T15:37:51.349Z] Backend Render OK
[2025-12-09T15:38:06.229Z] Backend lokaal GEEN response
[2025-12-09T15:38:06.290Z] Frontend Vercel OK
[2025-12-09T15:38:06.315Z] Backend Render OK
[2025-12-09T15:38:21.240Z] Backend lokaal GEEN response
[2025-12-09T15:38:21.307Z] Frontend Vercel OK
[2025-12-09T15:38:21.360Z] Backend Render OK
[2025-12-09T15:38:36.240Z] Backend lokaal GEEN response
[2025-12-09T15:38:36.306Z] Frontend Vercel OK
[2025-12-09T15:38:36.332Z] Backend Render OK
[2025-12-09T15:38:51.241Z] Backend lokaal GEEN response
[2025-12-09T15:38:51.305Z] Frontend Vercel OK
[2025-12-09T15:38:51.320Z] Backend Render OK
[2025-12-09T15:39:06.243Z] Backend lokaal GEEN response
[2025-12-09T15:39:06.316Z] Frontend Vercel OK
[2025-12-09T15:39:06.349Z] Backend Render OK
[2025-12-09T15:39:21.249Z] Backend lokaal GEEN response
[2025-12-09T15:39:21.314Z] Frontend Vercel OK
[2025-12-09T15:39:21.331Z] Backend Render OK
[2025-12-09T15:39:36.245Z] Backend lokaal GEEN response
[2025-12-09T15:39:36.353Z] Frontend Vercel OK
[2025-12-09T15:39:36.365Z] Backend Render OK
[2025-12-09T15:39:51.240Z] Backend lokaal GEEN response
[2025-12-09T15:39:51.306Z] Frontend Vercel OK
[2025-12-09T15:39:51.337Z] Backend Render OK
[2025-12-09T15:40:06.246Z] Backend lokaal GEEN response
[2025-12-09T15:40:06.333Z] Frontend Vercel OK
[2025-12-09T15:40:06.347Z] Backend Render OK
[2025-12-09T15:40:21.248Z] Backend lokaal GEEN response
[2025-12-09T15:40:21.336Z] Backend Render OK
[2025-12-09T15:40:21.336Z] Frontend Vercel OK
[2025-12-09T15:40:36.243Z] Backend lokaal GEEN response
[2025-12-09T15:40:36.330Z] Frontend Vercel OK
[2025-12-09T15:40:36.431Z] Backend Render OK
[2025-12-09T15:40:51.252Z] Backend lokaal GEEN response
[2025-12-09T15:40:51.321Z] Frontend Vercel OK
[2025-12-09T15:40:51.367Z] Backend Render OK
[2025-12-09T15:41:06.251Z] Backend lokaal GEEN response
[2025-12-09T15:41:06.346Z] Backend Render OK
[2025-12-09T15:41:06.387Z] Frontend Vercel OK
[2025-12-09T15:41:21.253Z] Backend lokaal GEEN response
[2025-12-09T15:41:21.329Z] Frontend Vercel OK
[2025-12-09T15:41:21.384Z] Backend Render OK
[2025-12-09T15:41:36.254Z] Backend lokaal GEEN response
[2025-12-09T15:41:36.324Z] Frontend Vercel OK
[2025-12-09T15:41:36.340Z] Backend Render OK
[2025-12-09T15:41:51.256Z] Backend lokaal GEEN response
[2025-12-09T15:41:51.332Z] Frontend Vercel OK
[2025-12-09T15:41:51.348Z] Backend Render OK
[2025-12-09T15:42:06.259Z] Backend lokaal GEEN response
[2025-12-09T15:42:06.336Z] Frontend Vercel OK
[2025-12-09T15:42:06.359Z] Backend Render OK
[2025-12-09T15:42:21.258Z] Backend lokaal GEEN response
[2025-12-09T15:42:21.339Z] Frontend Vercel OK
[2025-12-09T15:42:21.346Z] Backend Render OK
[2025-12-09T15:42:36.262Z] Backend lokaal GEEN response
[2025-12-09T15:42:36.338Z] Frontend Vercel OK
[2025-12-09T15:42:36.347Z] Backend Render OK
[2025-12-09T15:42:51.252Z] Backend lokaal GEEN response
[2025-12-09T15:42:51.326Z] Frontend Vercel OK
[2025-12-09T15:42:51.343Z] Backend Render OK
[2025-12-09T15:43:06.262Z] Backend lokaal GEEN response
[2025-12-09T15:43:06.337Z] Frontend Vercel OK
[2025-12-09T15:43:06.353Z] Backend Render OK
[2025-12-09T15:43:21.265Z] Backend lokaal GEEN response
[2025-12-09T15:43:21.346Z] Frontend Vercel OK
[2025-12-09T15:43:21.381Z] Backend Render OK
[2025-12-09T15:43:36.266Z] Backend lokaal GEEN response
[2025-12-09T15:43:36.367Z] Backend Render OK
[2025-12-09T15:43:36.434Z] Frontend Vercel OK
[2025-12-09T15:43:51.266Z] Backend lokaal GEEN response
[2025-12-09T15:43:51.342Z] Frontend Vercel OK
[2025-12-09T15:43:51.374Z] Backend Render OK
[2025-12-09T15:44:06.267Z] Backend lokaal GEEN response
[2025-12-09T15:44:06.347Z] Frontend Vercel OK
[2025-12-09T15:44:06.374Z] Backend Render OK
[2025-12-09T15:44:21.272Z] Backend lokaal GEEN response
[2025-12-09T15:44:21.357Z] Backend Render OK
[2025-12-09T15:44:21.357Z] Frontend Vercel OK
[2025-12-09T15:44:36.272Z] Backend lokaal GEEN response
[2025-12-09T15:44:36.364Z] Frontend Vercel OK
[2025-12-09T15:44:36.390Z] Backend Render OK
[2025-12-09T15:44:51.267Z] Backend lokaal GEEN response
[2025-12-09T15:44:51.342Z] Frontend Vercel OK
[2025-12-09T15:44:51.368Z] Backend Render OK
[2025-12-09T15:45:06.269Z] Backend lokaal GEEN response
[2025-12-09T15:45:06.338Z] Frontend Vercel OK
[2025-12-09T15:45:06.351Z] Backend Render OK
[2025-12-09T15:45:21.270Z] Backend lokaal GEEN response
[2025-12-09T15:45:21.341Z] Frontend Vercel OK
[2025-12-09T15:45:21.357Z] Backend Render OK
[2025-12-09T15:45:36.263Z] Backend lokaal GEEN response
[2025-12-09T15:45:36.337Z] Frontend Vercel OK
[2025-12-09T15:45:36.340Z] Backend Render OK
[2025-12-09T15:45:51.272Z] Backend lokaal GEEN response
[2025-12-09T15:45:51.350Z] Frontend Vercel OK
[2025-12-09T15:45:51.380Z] Backend Render OK
[2025-12-09T15:46:06.270Z] Backend lokaal GEEN response
[2025-12-09T15:46:06.368Z] Backend Render OK
[2025-12-09T15:46:06.383Z] Frontend Vercel OK
[2025-12-09T15:46:21.266Z] Backend lokaal GEEN response
[2025-12-09T15:46:21.337Z] Frontend Vercel OK
[2025-12-09T15:46:21.371Z] Backend Render OK
[2025-12-09T15:46:36.279Z] Backend lokaal GEEN response
[2025-12-09T15:46:36.368Z] Backend Render OK
[2025-12-09T15:46:36.444Z] Frontend Vercel OK
[2025-12-09T15:46:51.275Z] Backend lokaal GEEN response
[2025-12-09T15:46:51.352Z] Frontend Vercel OK
[2025-12-09T15:46:51.398Z] Backend Render OK
[2025-12-09T15:47:06.269Z] Backend lokaal GEEN response
[2025-12-09T15:47:06.340Z] Frontend Vercel OK
[2025-12-09T15:47:06.415Z] Backend Render OK
[2025-12-09T15:47:21.269Z] Backend lokaal GEEN response
[2025-12-09T15:47:21.354Z] Frontend Vercel OK
[2025-12-09T15:47:21.357Z] Backend Render OK
[2025-12-09T15:47:36.282Z] Backend lokaal GEEN response
[2025-12-09T15:47:36.359Z] Frontend Vercel OK
[2025-12-09T15:47:36.380Z] Backend Render OK
[2025-12-09T15:47:51.282Z] Backend lokaal GEEN response
[2025-12-09T15:47:51.354Z] Frontend Vercel OK
[2025-12-09T15:47:51.378Z] Backend Render OK
[2025-12-09T15:48:06.283Z] Backend lokaal GEEN response
[2025-12-09T15:48:06.342Z] Frontend Vercel OK
[2025-12-09T15:48:06.371Z] Backend Render OK
[2025-12-09T15:48:21.285Z] Backend lokaal GEEN response
[2025-12-09T15:48:21.369Z] Frontend Vercel OK
[2025-12-09T15:48:21.378Z] Backend Render OK
[2025-12-09T15:48:36.284Z] Backend lokaal GEEN response
[2025-12-09T15:48:36.370Z] Backend Render OK
[2025-12-09T15:48:36.371Z] Frontend Vercel OK
[2025-12-09T15:48:51.287Z] Backend lokaal GEEN response
[2025-12-09T15:48:51.352Z] Frontend Vercel OK
[2025-12-09T15:48:51.404Z] Backend Render OK
[2025-12-09T15:49:06.290Z] Backend lokaal GEEN response
[2025-12-09T15:49:06.353Z] Frontend Vercel OK
[2025-12-09T15:49:06.375Z] Backend Render OK
[2025-12-09T15:49:21.288Z] Backend lokaal GEEN response
[2025-12-09T15:49:21.341Z] Frontend Vercel OK
[2025-12-09T15:49:21.376Z] Backend Render OK
[2025-12-09T15:49:36.288Z] Backend lokaal GEEN response
[2025-12-09T15:49:36.362Z] Frontend Vercel OK
[2025-12-09T15:49:36.386Z] Backend Render OK
[2025-12-09T15:49:51.281Z] Backend lokaal GEEN response
[2025-12-09T15:49:51.346Z] Frontend Vercel OK
[2025-12-09T15:49:51.400Z] Backend Render OK
[2025-12-09T15:50:06.292Z] Backend lokaal GEEN response
[2025-12-09T15:50:06.351Z] Frontend Vercel OK
[2025-12-09T15:50:06.392Z] Backend Render OK
[2025-12-09T15:50:21.295Z] Backend lokaal GEEN response
[2025-12-09T15:50:21.348Z] Frontend Vercel OK
[2025-12-09T15:50:21.384Z] Backend Render OK
[2025-12-09T15:50:36.294Z] Backend lokaal GEEN response
[2025-12-09T15:50:36.357Z] Frontend Vercel OK
[2025-12-09T15:50:36.401Z] Backend Render OK
[2025-12-09T15:50:51.296Z] Backend lokaal GEEN response
[2025-12-09T15:50:51.354Z] Frontend Vercel OK
[2025-12-09T15:50:51.401Z] Backend Render OK
[2025-12-09T15:51:06.293Z] Backend lokaal GEEN response
[2025-12-09T15:51:06.349Z] Frontend Vercel OK
[2025-12-09T15:51:06.378Z] Backend Render OK
[2025-12-09T15:51:21.300Z] Backend lokaal GEEN response
[2025-12-09T15:51:21.365Z] Frontend Vercel OK
[2025-12-09T15:51:21.405Z] Backend Render OK
[2025-12-09T15:51:36.298Z] Backend lokaal GEEN response
[2025-12-09T15:51:36.353Z] Frontend Vercel OK
[2025-12-09T15:51:36.396Z] Backend Render OK
[2025-12-09T15:51:51.302Z] Backend lokaal GEEN response
[2025-12-09T15:51:51.357Z] Frontend Vercel OK
[2025-12-09T15:51:51.392Z] Backend Render OK
[2025-12-09T15:52:06.295Z] Backend lokaal GEEN response
[2025-12-09T15:52:06.359Z] Frontend Vercel OK
[2025-12-09T15:52:06.380Z] Backend Render OK
[2025-12-09T15:52:21.303Z] Backend lokaal GEEN response
[2025-12-09T15:52:21.370Z] Frontend Vercel OK
[2025-12-09T15:52:21.404Z] Backend Render OK
[2025-12-09T15:52:36.302Z] Backend lokaal GEEN response
[2025-12-09T15:52:36.364Z] Frontend Vercel OK
[2025-12-09T15:52:36.400Z] Backend Render OK
[2025-12-09T15:52:51.302Z] Backend lokaal GEEN response
[2025-12-09T15:52:51.365Z] Frontend Vercel OK
[2025-12-09T15:52:51.386Z] Backend Render OK
[2025-12-09T15:53:06.324Z] Backend lokaal GEEN response
[2025-12-09T15:53:06.438Z] Frontend Vercel OK
[2025-12-09T15:53:06.446Z] Backend Render OK
[2025-12-09T15:53:21.307Z] Backend lokaal GEEN response
[2025-12-09T15:53:21.363Z] Frontend Vercel OK
[2025-12-09T15:53:21.391Z] Backend Render OK
[2025-12-09T15:53:36.309Z] Backend lokaal GEEN response
[2025-12-09T15:53:36.369Z] Frontend Vercel OK
[2025-12-09T15:53:36.479Z] Backend Render OK
[2025-12-09T15:53:51.311Z] Backend lokaal GEEN response
[2025-12-09T15:53:51.377Z] Frontend Vercel OK
[2025-12-09T15:53:51.414Z] Backend Render OK
[2025-12-09T15:54:06.311Z] Backend lokaal GEEN response
[2025-12-09T15:54:06.373Z] Frontend Vercel OK
[2025-12-09T15:54:06.428Z] Backend Render OK
[2025-12-09T15:54:21.307Z] Backend lokaal GEEN response
[2025-12-09T15:54:21.372Z] Frontend Vercel OK
[2025-12-09T15:54:21.392Z] Backend Render OK
[2025-12-09T15:54:36.308Z] Backend lokaal GEEN response
[2025-12-09T15:54:36.375Z] Frontend Vercel OK
[2025-12-09T15:54:36.395Z] Backend Render OK
[2025-12-09T15:54:51.314Z] Backend lokaal GEEN response
[2025-12-09T15:54:51.389Z] Frontend Vercel OK
[2025-12-09T15:54:51.402Z] Backend Render OK
[2025-12-09T15:55:06.306Z] Backend lokaal GEEN response
[2025-12-09T15:55:06.367Z] Frontend Vercel OK
[2025-12-09T15:55:06.381Z] Backend Render OK
[2025-12-09T15:55:21.318Z] Backend lokaal GEEN response
[2025-12-09T15:55:21.381Z] Frontend Vercel OK
[2025-12-09T15:55:21.409Z] Backend Render OK
[2025-12-09T15:55:36.309Z] Backend lokaal GEEN response
[2025-12-09T15:55:36.387Z] Frontend Vercel OK
[2025-12-09T15:55:36.447Z] Backend Render OK
[2025-12-09T15:55:51.310Z] Backend lokaal GEEN response
[2025-12-09T15:55:51.364Z] Frontend Vercel OK
[2025-12-09T15:55:51.422Z] Backend Render OK
[2025-12-09T15:56:06.306Z] Backend lokaal GEEN response
[2025-12-09T15:56:06.369Z] Frontend Vercel OK
[2025-12-09T15:56:06.388Z] Backend Render OK
[2025-12-09T15:56:21.312Z] Backend lokaal GEEN response
[2025-12-09T15:56:21.379Z] Frontend Vercel OK
[2025-12-09T15:56:21.407Z] Backend Render OK
[2025-12-09T15:56:36.324Z] Backend lokaal GEEN response
[2025-12-09T15:56:36.391Z] Frontend Vercel OK
[2025-12-09T15:56:36.434Z] Backend Render OK
[2025-12-09T15:56:51.324Z] Backend lokaal GEEN response
[2025-12-09T15:56:51.388Z] Frontend Vercel OK
[2025-12-09T15:56:51.421Z] Backend Render OK
[2025-12-09T15:57:06.326Z] Backend lokaal GEEN response
[2025-12-09T15:57:06.384Z] Frontend Vercel OK
[2025-12-09T15:57:06.406Z] Backend Render OK
[2025-12-09T15:57:21.327Z] Backend lokaal GEEN response
[2025-12-09T15:57:21.397Z] Frontend Vercel OK
[2025-12-09T15:57:21.428Z] Backend Render OK
[2025-12-09T15:57:36.319Z] Backend lokaal GEEN response
[2025-12-09T15:57:36.388Z] Frontend Vercel OK
[2025-12-09T15:57:36.450Z] Backend Render OK
[2025-12-09T15:57:51.321Z] Backend lokaal GEEN response
[2025-12-09T15:57:51.385Z] Frontend Vercel OK
[2025-12-09T15:57:51.426Z] Backend Render OK
[2025-12-09T15:58:06.316Z] Backend lokaal GEEN response
[2025-12-09T15:58:06.409Z] Frontend Vercel OK
[2025-12-09T15:58:06.412Z] Backend Render OK
[2025-12-09T15:58:21.313Z] Backend lokaal GEEN response
[2025-12-09T15:58:21.399Z] Frontend Vercel OK
[2025-12-09T15:58:21.413Z] Backend Render OK
[2025-12-09T15:58:36.316Z] Backend lokaal GEEN response
[2025-12-09T15:58:36.395Z] Frontend Vercel OK
[2025-12-09T15:58:36.417Z] Backend Render OK
[2025-12-09T15:58:51.313Z] Backend lokaal GEEN response
[2025-12-09T15:58:51.386Z] Frontend Vercel OK
[2025-12-09T15:58:51.418Z] Backend Render OK
[2025-12-09T15:59:06.317Z] Backend lokaal GEEN response
[2025-12-09T15:59:06.390Z] Frontend Vercel OK
[2025-12-09T15:59:06.391Z] Backend Render OK
[2025-12-09T15:59:21.315Z] Backend lokaal GEEN response
[2025-12-09T15:59:21.408Z] Frontend Vercel OK
[2025-12-09T15:59:21.422Z] Backend Render OK
[2025-12-09T15:59:36.315Z] Backend lokaal GEEN response
[2025-12-09T15:59:36.390Z] Frontend Vercel OK
[2025-12-09T15:59:36.402Z] Backend Render OK
[2025-12-09T15:59:51.316Z] Backend lokaal GEEN response
[2025-12-09T15:59:51.377Z] Frontend Vercel OK
[2025-12-09T15:59:51.401Z] Backend Render OK
[2025-12-09T16:00:06.318Z] Backend lokaal GEEN response
[2025-12-09T16:00:06.382Z] Frontend Vercel OK
[2025-12-09T16:00:06.496Z] Backend Render OK
[2025-12-09T16:00:21.321Z] Backend lokaal GEEN response
[2025-12-09T16:00:21.387Z] Frontend Vercel OK
[2025-12-09T16:00:21.499Z] Backend Render OK
[2025-12-09T16:00:36.321Z] Backend lokaal GEEN response
[2025-12-09T16:00:36.394Z] Frontend Vercel OK
[2025-12-09T16:00:36.417Z] Backend Render OK
[2025-12-09T16:00:51.320Z] Backend lokaal GEEN response
[2025-12-09T16:00:51.395Z] Frontend Vercel OK
[2025-12-09T16:00:51.421Z] Backend Render OK
[2025-12-09T16:01:06.314Z] Backend lokaal GEEN response
[2025-12-09T16:01:06.387Z] Frontend Vercel OK
[2025-12-09T16:01:06.403Z] Backend Render OK
[2025-12-09T16:01:21.323Z] Backend lokaal GEEN response
[2025-12-09T16:01:21.396Z] Frontend Vercel OK
[2025-12-09T16:01:21.428Z] Backend Render OK
[2025-12-09T16:01:36.322Z] Backend lokaal GEEN response
[2025-12-09T16:01:36.387Z] Frontend Vercel OK
[2025-12-09T16:01:36.423Z] Backend Render OK
[2025-12-09T16:01:51.319Z] Backend lokaal GEEN response
[2025-12-09T16:01:51.380Z] Frontend Vercel OK
[2025-12-09T16:01:51.411Z] Backend Render OK
[2025-12-09T16:02:06.323Z] Backend lokaal GEEN response
[2025-12-09T16:02:06.396Z] Frontend Vercel OK
[2025-12-09T16:02:06.426Z] Backend Render OK
